nohup: ignoring input
Namespace(simulation='springs', num_train=1000, num_valid=100, num_test=100, length=5000, sample_freq=100, n_balls=5, seed=42, datadir='data/uninfluenced2', temperature=1.0, temperature_dist=False, temperature_alpha=None, temperature_num_cats=None, undirected=False, fixed_particle=False, influencer_particle=False, confounder=False, uninfluenced_particle=True, fixed_connectivity=True, noise_var=0.1, length_test=5000)
_springs5_uninfluenced2_inter1.0_s1000_sf100_oneconnect_noise_var0.1
Generating 1000 training simulations
[5;30;41mEdges are fixed to be: [0m
[[0. 1. 1. 1. 0.]
 [0. 0. 1. 1. 1.]
 [0. 1. 0. 0. 0.]
 [0. 0. 0. 0. 0.]
 [0. 0. 0. 0. 0.]]
Iter: 0, Simulation time: 0.3555152416229248
Iter: 100, Simulation time: 0.3489797115325928
Iter: 200, Simulation time: 0.3485558032989502
Iter: 300, Simulation time: 0.35360264778137207
Iter: 400, Simulation time: 0.36484217643737793
Iter: 500, Simulation time: 0.8240060806274414
Iter: 600, Simulation time: 0.8066024780273438
Iter: 700, Simulation time: 0.8096752166748047
Iter: 800, Simulation time: 0.8007214069366455
Iter: 900, Simulation time: 0.37105369567871094
Generating 100 validation simulations
[[0. 1. 1. 1. 0.]
 [0. 0. 1. 1. 1.]
 [0. 1. 0. 0. 0.]
 [0. 0. 0. 0. 0.]
 [0. 0. 0. 0. 0.]]
Iter: 0, Simulation time: 0.739849328994751
Generating 100 test simulations
[[0. 1. 1. 1. 0.]
 [0. 0. 1. 1. 1.]
 [0. 1. 0. 0. 0.]
 [0. 0. 0. 0. 0.]
 [0. 0. 0. 0. 0.]]
Iter: 0, Simulation time: 0.734342098236084
