nohup: ignoring input
Namespace(simulation='springs', num_train=5000, num_valid=100, num_test=100, length=50000, sample_freq=100, n_balls=20, seed=42, datadir='data/uninfluenced2', temperature=5.0, temperature_dist=False, temperature_alpha=None, temperature_num_cats=None, undirected=False, fixed_particle=False, influencer_particle=False, confounder=False, uninfluenced_particle=True, fixed_connectivity=True, noise_var=0.1, length_test=50000)
_springs20_uninfluenced2_inter5.0_l50000_s5000_sf100_oneconnect_noise_var0.1
Generating 5000 training simulations
[5;30;41mEdges are fixed to be: [0m
[[0. 1. 1. 1. 0. 0. 0. 1. 1. 1. 0. 1. 1. 0. 0. 0. 0. 1. 0. 0.]
 [1. 0. 0. 0. 0. 1. 0. 1. 1. 0. 1. 0. 0. 1. 1. 1. 0. 0. 1. 0.]
 [0. 0. 0. 1. 0. 1. 0. 1. 1. 0. 1. 1. 1. 1. 1. 1. 0. 0. 0. 0.]
 [0. 0. 1. 0. 0. 1. 0. 1. 0. 1. 1. 0. 0. 1. 1. 1. 1. 0. 0. 0.]
 [1. 1. 0. 0. 0. 0. 1. 1. 1. 0. 0. 1. 1. 1. 1. 0. 1. 0. 0. 0.]
 [0. 1. 0. 1. 1. 0. 0. 1. 0. 0. 0. 0. 1. 1. 1. 1. 1. 0. 1. 1.]
 [1. 1. 0. 0. 0. 0. 0. 1. 0. 1. 0. 0. 0. 0. 1. 0. 1. 1. 0. 1.]
 [1. 0. 0. 0. 0. 0. 1. 0. 0. 0. 1. 0. 0. 0. 1. 0. 1. 1. 0. 1.]
 [0. 1. 1. 1. 0. 1. 0. 0. 0. 1. 1. 0. 1. 0. 1. 0. 1. 0. 1. 0.]
 [0. 0. 1. 1. 0. 1. 1. 1. 1. 0. 0. 1. 1. 1. 0. 0. 1. 1. 1. 1.]
 [1. 0. 0. 1. 1. 0. 0. 1. 0. 0. 0. 1. 1. 0. 1. 0. 0. 1. 1. 1.]
 [1. 1. 0. 0. 0. 0. 1. 0. 1. 1. 1. 0. 1. 0. 0. 1. 0. 0. 1. 0.]
 [1. 1. 1. 0. 0. 1. 0. 1. 1. 1. 0. 0. 0. 0. 0. 1. 1. 1. 1. 0.]
 [1. 1. 0. 1. 1. 1. 1. 1. 0. 0. 1. 1. 1. 0. 1. 1. 1. 1. 1. 1.]
 [1. 0. 0. 0. 1. 0. 0. 1. 0. 1. 0. 0. 1. 0. 0. 1. 1. 0. 1. 0.]
 [0. 1. 1. 1. 1. 1. 1. 0. 1. 0. 0. 0. 0. 1. 1. 0. 0. 0. 0. 0.]
 [1. 1. 1. 0. 1. 1. 1. 1. 0. 0. 0. 1. 0. 0. 0. 0. 0. 1. 0. 0.]
 [0. 0. 0. 0. 0. 1. 1. 0. 0. 1. 1. 1. 1. 0. 0. 1. 0. 0. 1. 1.]
 [0. 0. 0. 0. 0. 0. 0. 0. 0. 0. 0. 0. 0. 0. 0. 0. 0. 0. 0. 0.]
 [0. 0. 0. 0. 0. 0. 0. 0. 0. 0. 0. 0. 0. 0. 0. 0. 0. 0. 0. 0.]]
Iter: 0, Simulation time: 4.099918842315674
Iter: 100, Simulation time: 4.208238124847412
Iter: 200, Simulation time: 4.137105464935303
Iter: 300, Simulation time: 4.205836296081543
Iter: 400, Simulation time: 4.147476434707642
Iter: 500, Simulation time: 4.237587928771973
Iter: 600, Simulation time: 4.200088977813721
Iter: 700, Simulation time: 4.406922817230225
Iter: 800, Simulation time: 4.388837575912476
Iter: 900, Simulation time: 4.193076848983765
Iter: 1000, Simulation time: 4.124292373657227
Iter: 1100, Simulation time: 4.094177484512329
Iter: 1200, Simulation time: 4.119307279586792
Iter: 1300, Simulation time: 4.091838598251343
Iter: 1400, Simulation time: 4.145006418228149
Iter: 1500, Simulation time: 4.124373435974121
Iter: 1600, Simulation time: 4.1630308628082275
Iter: 1700, Simulation time: 4.113147497177124
Iter: 1800, Simulation time: 4.101451396942139
Iter: 1900, Simulation time: 4.098278045654297
Iter: 2000, Simulation time: 4.088147163391113
Iter: 2100, Simulation time: 4.107081174850464
Iter: 2200, Simulation time: 4.089294910430908
Iter: 2300, Simulation time: 4.18403959274292
Iter: 2400, Simulation time: 4.11319375038147
Iter: 2500, Simulation time: 4.076348543167114
Iter: 2600, Simulation time: 4.103596925735474
Iter: 2700, Simulation time: 4.139457702636719
Iter: 2800, Simulation time: 4.124555826187134
Iter: 2900, Simulation time: 4.159646034240723
Iter: 3000, Simulation time: 4.062235593795776
Iter: 3100, Simulation time: 4.08247709274292
Iter: 3200, Simulation time: 4.087116479873657
Iter: 3300, Simulation time: 4.1745359897613525
Iter: 3400, Simulation time: 4.092338800430298
Iter: 3500, Simulation time: 4.091029405593872
Iter: 3600, Simulation time: 4.113854169845581
Iter: 3700, Simulation time: 4.099289178848267
Iter: 3800, Simulation time: 4.1485276222229
Iter: 3900, Simulation time: 4.138087034225464
Iter: 4000, Simulation time: 4.131818771362305
Iter: 4100, Simulation time: 4.1534342765808105
Iter: 4200, Simulation time: 4.137688875198364
Iter: 4300, Simulation time: 4.098158121109009
Iter: 4400, Simulation time: 4.130815505981445
Iter: 4500, Simulation time: 4.034826993942261
Iter: 4600, Simulation time: 4.060975074768066
Iter: 4700, Simulation time: 4.090349435806274
Iter: 4800, Simulation time: 4.059225797653198
Iter: 4900, Simulation time: 4.0596184730529785
Generating 100 validation simulations
[[0. 1. 1. 1. 0. 0. 0. 1. 1. 1. 0. 1. 1. 0. 0. 0. 0. 1. 0. 0.]
 [1. 0. 0. 0. 0. 1. 0. 1. 1. 0. 1. 0. 0. 1. 1. 1. 0. 0. 1. 0.]
 [0. 0. 0. 1. 0. 1. 0. 1. 1. 0. 1. 1. 1. 1. 1. 1. 0. 0. 0. 0.]
 [0. 0. 1. 0. 0. 1. 0. 1. 0. 1. 1. 0. 0. 1. 1. 1. 1. 0. 0. 0.]
 [1. 1. 0. 0. 0. 0. 1. 1. 1. 0. 0. 1. 1. 1. 1. 0. 1. 0. 0. 0.]
 [0. 1. 0. 1. 1. 0. 0. 1. 0. 0. 0. 0. 1. 1. 1. 1. 1. 0. 1. 1.]
 [1. 1. 0. 0. 0. 0. 0. 1. 0. 1. 0. 0. 0. 0. 1. 0. 1. 1. 0. 1.]
 [1. 0. 0. 0. 0. 0. 1. 0. 0. 0. 1. 0. 0. 0. 1. 0. 1. 1. 0. 1.]
 [0. 1. 1. 1. 0. 1. 0. 0. 0. 1. 1. 0. 1. 0. 1. 0. 1. 0. 1. 0.]
 [0. 0. 1. 1. 0. 1. 1. 1. 1. 0. 0. 1. 1. 1. 0. 0. 1. 1. 1. 1.]
 [1. 0. 0. 1. 1. 0. 0. 1. 0. 0. 0. 1. 1. 0. 1. 0. 0. 1. 1. 1.]
 [1. 1. 0. 0. 0. 0. 1. 0. 1. 1. 1. 0. 1. 0. 0. 1. 0. 0. 1. 0.]
 [1. 1. 1. 0. 0. 1. 0. 1. 1. 1. 0. 0. 0. 0. 0. 1. 1. 1. 1. 0.]
 [1. 1. 0. 1. 1. 1. 1. 1. 0. 0. 1. 1. 1. 0. 1. 1. 1. 1. 1. 1.]
 [1. 0. 0. 0. 1. 0. 0. 1. 0. 1. 0. 0. 1. 0. 0. 1. 1. 0. 1. 0.]
 [0. 1. 1. 1. 1. 1. 1. 0. 1. 0. 0. 0. 0. 1. 1. 0. 0. 0. 0. 0.]
 [1. 1. 1. 0. 1. 1. 1. 1. 0. 0. 0. 1. 0. 0. 0. 0. 0. 1. 0. 0.]
 [0. 0. 0. 0. 0. 1. 1. 0. 0. 1. 1. 1. 1. 0. 0. 1. 0. 0. 1. 1.]
 [0. 0. 0. 0. 0. 0. 0. 0. 0. 0. 0. 0. 0. 0. 0. 0. 0. 0. 0. 0.]
 [0. 0. 0. 0. 0. 0. 0. 0. 0. 0. 0. 0. 0. 0. 0. 0. 0. 0. 0. 0.]]
Iter: 0, Simulation time: 4.119343996047974
Generating 100 test simulations
[[0. 1. 1. 1. 0. 0. 0. 1. 1. 1. 0. 1. 1. 0. 0. 0. 0. 1. 0. 0.]
 [1. 0. 0. 0. 0. 1. 0. 1. 1. 0. 1. 0. 0. 1. 1. 1. 0. 0. 1. 0.]
 [0. 0. 0. 1. 0. 1. 0. 1. 1. 0. 1. 1. 1. 1. 1. 1. 0. 0. 0. 0.]
 [0. 0. 1. 0. 0. 1. 0. 1. 0. 1. 1. 0. 0. 1. 1. 1. 1. 0. 0. 0.]
 [1. 1. 0. 0. 0. 0. 1. 1. 1. 0. 0. 1. 1. 1. 1. 0. 1. 0. 0. 0.]
 [0. 1. 0. 1. 1. 0. 0. 1. 0. 0. 0. 0. 1. 1. 1. 1. 1. 0. 1. 1.]
 [1. 1. 0. 0. 0. 0. 0. 1. 0. 1. 0. 0. 0. 0. 1. 0. 1. 1. 0. 1.]
 [1. 0. 0. 0. 0. 0. 1. 0. 0. 0. 1. 0. 0. 0. 1. 0. 1. 1. 0. 1.]
 [0. 1. 1. 1. 0. 1. 0. 0. 0. 1. 1. 0. 1. 0. 1. 0. 1. 0. 1. 0.]
 [0. 0. 1. 1. 0. 1. 1. 1. 1. 0. 0. 1. 1. 1. 0. 0. 1. 1. 1. 1.]
 [1. 0. 0. 1. 1. 0. 0. 1. 0. 0. 0. 1. 1. 0. 1. 0. 0. 1. 1. 1.]
 [1. 1. 0. 0. 0. 0. 1. 0. 1. 1. 1. 0. 1. 0. 0. 1. 0. 0. 1. 0.]
 [1. 1. 1. 0. 0. 1. 0. 1. 1. 1. 0. 0. 0. 0. 0. 1. 1. 1. 1. 0.]
 [1. 1. 0. 1. 1. 1. 1. 1. 0. 0. 1. 1. 1. 0. 1. 1. 1. 1. 1. 1.]
 [1. 0. 0. 0. 1. 0. 0. 1. 0. 1. 0. 0. 1. 0. 0. 1. 1. 0. 1. 0.]
 [0. 1. 1. 1. 1. 1. 1. 0. 1. 0. 0. 0. 0. 1. 1. 0. 0. 0. 0. 0.]
 [1. 1. 1. 0. 1. 1. 1. 1. 0. 0. 0. 1. 0. 0. 0. 0. 0. 1. 0. 0.]
 [0. 0. 0. 0. 0. 1. 1. 0. 0. 1. 1. 1. 1. 0. 0. 1. 0. 0. 1. 1.]
 [0. 0. 0. 0. 0. 0. 0. 0. 0. 0. 0. 0. 0. 0. 0. 0. 0. 0. 0. 0.]
 [0. 0. 0. 0. 0. 0. 0. 0. 0. 0. 0. 0. 0. 0. 0. 0. 0. 0. 0. 0.]]
Iter: 0, Simulation time: 4.07763147354126
